mode: set
sqmeter-alpaca-safetymonitor/internal/web/handlers.go:33.61,35.2 1 1
sqmeter-alpaca-safetymonitor/internal/web/handlers.go:38.41,40.2 1 1
sqmeter-alpaca-safetymonitor/internal/web/handlers.go:43.76,45.16 2 1
sqmeter-alpaca-safetymonitor/internal/web/handlers.go:45.16,47.3 1 0
sqmeter-alpaca-safetymonitor/internal/web/handlers.go:48.2,49.16 2 1
sqmeter-alpaca-safetymonitor/internal/web/handlers.go:49.16,51.3 1 0
sqmeter-alpaca-safetymonitor/internal/web/handlers.go:52.2,58.8 1 1
sqmeter-alpaca-safetymonitor/internal/web/handlers.go:62.48,73.2 10 1
sqmeter-alpaca-safetymonitor/internal/web/handlers.go:96.69,101.29 4 1
sqmeter-alpaca-safetymonitor/internal/web/handlers.go:101.29,103.3 1 1
sqmeter-alpaca-safetymonitor/internal/web/handlers.go:104.2,105.39 2 1
sqmeter-alpaca-safetymonitor/internal/web/handlers.go:105.39,107.3 1 1
sqmeter-alpaca-safetymonitor/internal/web/handlers.go:109.2,123.30 2 1
sqmeter-alpaca-safetymonitor/internal/web/handlers.go:123.30,129.3 5 1
sqmeter-alpaca-safetymonitor/internal/web/handlers.go:130.2,131.48 2 1
sqmeter-alpaca-safetymonitor/internal/web/handlers.go:131.48,133.3 1 0
sqmeter-alpaca-safetymonitor/internal/web/handlers.go:138.66,142.29 4 1
sqmeter-alpaca-safetymonitor/internal/web/handlers.go:142.29,145.3 2 1
sqmeter-alpaca-safetymonitor/internal/web/handlers.go:145.8,145.22 1 1
sqmeter-alpaca-safetymonitor/internal/web/handlers.go:145.22,147.3 1 1
sqmeter-alpaca-safetymonitor/internal/web/handlers.go:148.2,150.63 3 1
sqmeter-alpaca-safetymonitor/internal/web/handlers.go:153.70,163.30 6 1
sqmeter-alpaca-safetymonitor/internal/web/handlers.go:163.30,166.3 2 1
sqmeter-alpaca-safetymonitor/internal/web/handlers.go:168.2,171.22 4 1
sqmeter-alpaca-safetymonitor/internal/web/handlers.go:190.69,202.27 4 1
sqmeter-alpaca-safetymonitor/internal/web/handlers.go:202.27,204.3 1 1
sqmeter-alpaca-safetymonitor/internal/web/handlers.go:205.2,205.32 1 1
sqmeter-alpaca-safetymonitor/internal/web/handlers.go:205.32,207.3 1 1
sqmeter-alpaca-safetymonitor/internal/web/handlers.go:208.2,208.35 1 1
sqmeter-alpaca-safetymonitor/internal/web/handlers.go:208.35,210.3 1 1
sqmeter-alpaca-safetymonitor/internal/web/handlers.go:211.2,211.10 1 1
sqmeter-alpaca-safetymonitor/internal/web/handlers.go:214.68,217.49 3 1
sqmeter-alpaca-safetymonitor/internal/web/handlers.go:217.49,219.3 1 0
sqmeter-alpaca-safetymonitor/internal/web/handlers.go:222.69,223.38 1 1
sqmeter-alpaca-safetymonitor/internal/web/handlers.go:223.38,226.3 2 0
sqmeter-alpaca-safetymonitor/internal/web/handlers.go:228.2,250.53 21 1
sqmeter-alpaca-safetymonitor/internal/web/handlers.go:250.53,253.3 2 0
sqmeter-alpaca-safetymonitor/internal/web/handlers.go:255.2,256.68 2 1
sqmeter-alpaca-safetymonitor/internal/web/handlers.go:256.68,258.3 1 1
sqmeter-alpaca-safetymonitor/internal/web/handlers.go:259.2,259.43 1 1
sqmeter-alpaca-safetymonitor/internal/web/handlers.go:259.43,261.3 1 1
sqmeter-alpaca-safetymonitor/internal/web/handlers.go:262.2,262.64 1 1
sqmeter-alpaca-safetymonitor/internal/web/handlers.go:267.73,272.2 4 1
sqmeter-alpaca-safetymonitor/internal/web/handlers.go:274.73,276.16 2 1
sqmeter-alpaca-safetymonitor/internal/web/handlers.go:276.16,279.3 2 0
sqmeter-alpaca-safetymonitor/internal/web/handlers.go:281.2,284.55 3 1
sqmeter-alpaca-safetymonitor/internal/web/handlers.go:284.55,287.3 2 1
sqmeter-alpaca-safetymonitor/internal/web/handlers.go:289.2,290.53 2 1
sqmeter-alpaca-safetymonitor/internal/web/handlers.go:290.53,293.3 2 1
sqmeter-alpaca-safetymonitor/internal/web/handlers.go:295.2,309.4 5 1
sqmeter-alpaca-safetymonitor/internal/web/handlers.go:314.56,315.36 1 1
sqmeter-alpaca-safetymonitor/internal/web/handlers.go:315.36,317.3 1 1
sqmeter-alpaca-safetymonitor/internal/web/handlers.go:320.53,321.36 1 1
sqmeter-alpaca-safetymonitor/internal/web/handlers.go:321.36,322.44 1 1
sqmeter-alpaca-safetymonitor/internal/web/handlers.go:322.44,324.4 1 1
sqmeter-alpaca-safetymonitor/internal/web/handlers.go:328.59,329.36 1 1
sqmeter-alpaca-safetymonitor/internal/web/handlers.go:329.36,330.54 1 1
sqmeter-alpaca-safetymonitor/internal/web/handlers.go:330.54,332.4 1 1
sqmeter-alpaca-safetymonitor/internal/web/handlers.go:336.63,338.13 2 1
sqmeter-alpaca-safetymonitor/internal/web/handlers.go:338.13,341.3 2 1
sqmeter-alpaca-safetymonitor/internal/web/handlers.go:342.2,342.53 1 1
sqmeter-alpaca-safetymonitor/internal/web/handlers.go:342.53,344.3 1 1
sqmeter-alpaca-safetymonitor/internal/web/handlers.go:392.71,397.29 4 1
sqmeter-alpaca-safetymonitor/internal/web/handlers.go:397.29,399.3 1 1
sqmeter-alpaca-safetymonitor/internal/web/handlers.go:400.2,400.39 1 1
sqmeter-alpaca-safetymonitor/internal/web/handlers.go:400.39,402.3 1 1
sqmeter-alpaca-safetymonitor/internal/web/handlers.go:403.2,404.23 2 1
sqmeter-alpaca-safetymonitor/internal/web/handlers.go:404.23,407.3 2 1
sqmeter-alpaca-safetymonitor/internal/web/handlers.go:409.2,410.20 2 1
sqmeter-alpaca-safetymonitor/internal/web/handlers.go:410.20,412.3 1 0
sqmeter-alpaca-safetymonitor/internal/web/handlers.go:413.2,414.21 2 1
sqmeter-alpaca-safetymonitor/internal/web/handlers.go:414.21,416.3 1 0
sqmeter-alpaca-safetymonitor/internal/web/handlers.go:418.2,443.30 2 1
sqmeter-alpaca-safetymonitor/internal/web/handlers.go:443.30,446.3 2 1
sqmeter-alpaca-safetymonitor/internal/web/handlers.go:448.2,451.24 4 1
sqmeter-alpaca-safetymonitor/internal/web/handlers.go:461.71,469.43 3 1
sqmeter-alpaca-safetymonitor/internal/web/handlers.go:469.43,472.3 2 1
sqmeter-alpaca-safetymonitor/internal/web/handlers.go:474.2,475.16 2 1
sqmeter-alpaca-safetymonitor/internal/web/handlers.go:475.16,478.3 2 0
sqmeter-alpaca-safetymonitor/internal/web/handlers.go:480.2,481.19 2 1
sqmeter-alpaca-safetymonitor/internal/web/handlers.go:481.19,482.52 1 1
sqmeter-alpaca-safetymonitor/internal/web/handlers.go:482.52,485.4 2 1
sqmeter-alpaca-safetymonitor/internal/web/handlers.go:488.2,489.18 2 1
sqmeter-alpaca-safetymonitor/internal/web/handlers.go:489.18,491.3 1 1
sqmeter-alpaca-safetymonitor/internal/web/handlers.go:492.2,492.18 1 1
sqmeter-alpaca-safetymonitor/internal/web/handlers.go:492.18,495.3 2 0
sqmeter-alpaca-safetymonitor/internal/web/handlers.go:497.2,498.73 2 1
sqmeter-alpaca-safetymonitor/internal/web/handlers.go:498.73,501.3 2 1
sqmeter-alpaca-safetymonitor/internal/web/handlers.go:503.2,504.16 2 1
sqmeter-alpaca-safetymonitor/internal/web/handlers.go:504.16,505.31 1 1
sqmeter-alpaca-safetymonitor/internal/web/handlers.go:505.31,507.4 1 0
sqmeter-alpaca-safetymonitor/internal/web/handlers.go:507.9,509.4 1 1
sqmeter-alpaca-safetymonitor/internal/web/handlers.go:511.2,513.16 3 1
sqmeter-alpaca-safetymonitor/internal/web/handlers.go:513.16,516.3 2 1
sqmeter-alpaca-safetymonitor/internal/web/handlers.go:517.2,519.41 2 1
